Analysis & Synthesis report for top_rtl
Tue Dec  7 16:15:31 2021
Quartus Prime Version 20.1.1 Build 720 11/11/2020 SJ Lite Edition


---------------------
; Table of Contents ;
---------------------
  1. Legal Notice
  2. Analysis & Synthesis Summary
  3. Analysis & Synthesis Settings
  4. Parallel Compilation
  5. Analysis & Synthesis Source Files Read
  6. Analysis & Synthesis Resource Usage Summary
  7. Analysis & Synthesis Resource Utilization by Entity
  8. State Machine - |top_rtl|fsm:FSM|STATE
  9. User-Specified and Inferred Latches
 10. Registers Removed During Synthesis
 11. General Register Statistics
 12. Multiplexer Restructuring Statistics (Restructuring Performed)
 13. Parameter Settings for User Entity Instance: ahb_slave:SLAVE
 14. Parameter Settings for User Entity Instance: fsm:FSM
 15. Analysis & Synthesis Messages
 16. Analysis & Synthesis Suppressed Messages



----------------
; Legal Notice ;
----------------
Copyright (C) 2020  Intel Corporation. All rights reserved.
Your use of Intel Corporation's design tools, logic functions 
and other software and tools, and any partner logic 
functions, and any output files from any of the foregoing 
(including device programming or simulation files), and any 
associated documentation or information are expressly subject 
to the terms and conditions of the Intel Program License 
Subscription Agreement, the Intel Quartus Prime License Agreement,
the Intel FPGA IP License Agreement, or other applicable license
agreement, including, without limitation, that your use is for
the sole purpose of programming logic devices manufactured by
Intel and sold by Intel or its authorized distributors.  Please
refer to the applicable agreement for further details, at
https://fpgasoftware.intel.com/eula.



+---------------------------------------------------------------------------+
; Analysis & Synthesis Summary                                              ;
+-----------------------------+---------------------------------------------+
; Analysis & Synthesis Status ; Successful - Tue Dec  7 16:15:31 2021       ;
; Quartus Prime Version       ; 20.1.1 Build 720 11/11/2020 SJ Lite Edition ;
; Revision Name               ; top_rtl                                     ;
; Top-level Entity Name       ; top_rtl                                     ;
; Family                      ; MAX V                                       ;
; Total logic elements        ; 284                                         ;
; Total pins                  ; 209                                         ;
; Total virtual pins          ; 0                                           ;
; UFM blocks                  ; 0 / 1 ( 0 % )                               ;
+-----------------------------+---------------------------------------------+


+------------------------------------------------------------------------------------------------------------+
; Analysis & Synthesis Settings                                                                              ;
+------------------------------------------------------------------+--------------------+--------------------+
; Option                                                           ; Setting            ; Default Value      ;
+------------------------------------------------------------------+--------------------+--------------------+
; Top-level entity name                                            ; top_rtl            ; top_rtl            ;
; Family name                                                      ; MAX V              ; Cyclone V          ;
; Use smart compilation                                            ; Off                ; Off                ;
; Enable parallel Assembler and Timing Analyzer during compilation ; On                 ; On                 ;
; Enable compact report table                                      ; Off                ; Off                ;
; Restructure Multiplexers                                         ; Auto               ; Auto               ;
; Create Debugging Nodes for IP Cores                              ; Off                ; Off                ;
; Preserve fewer node names                                        ; On                 ; On                 ;
; Intel FPGA IP Evaluation Mode                                    ; Enable             ; Enable             ;
; Verilog Version                                                  ; Verilog_2001       ; Verilog_2001       ;
; VHDL Version                                                     ; VHDL_1993          ; VHDL_1993          ;
; State Machine Processing                                         ; Auto               ; Auto               ;
; Safe State Machine                                               ; Off                ; Off                ;
; Extract Verilog State Machines                                   ; On                 ; On                 ;
; Extract VHDL State Machines                                      ; On                 ; On                 ;
; Ignore Verilog initial constructs                                ; Off                ; Off                ;
; Iteration limit for constant Verilog loops                       ; 5000               ; 5000               ;
; Iteration limit for non-constant Verilog loops                   ; 250                ; 250                ;
; Add Pass-Through Logic to Inferred RAMs                          ; On                 ; On                 ;
; Infer RAMs from Raw Logic                                        ; On                 ; On                 ;
; Parallel Synthesis                                               ; On                 ; On                 ;
; NOT Gate Push-Back                                               ; On                 ; On                 ;
; Power-Up Don't Care                                              ; On                 ; On                 ;
; Remove Redundant Logic Cells                                     ; Off                ; Off                ;
; Remove Duplicate Registers                                       ; On                 ; On                 ;
; Ignore CARRY Buffers                                             ; Off                ; Off                ;
; Ignore CASCADE Buffers                                           ; Off                ; Off                ;
; Ignore GLOBAL Buffers                                            ; Off                ; Off                ;
; Ignore ROW GLOBAL Buffers                                        ; Off                ; Off                ;
; Ignore LCELL Buffers                                             ; Off                ; Off                ;
; Ignore SOFT Buffers                                              ; On                 ; On                 ;
; Limit AHDL Integers to 32 Bits                                   ; Off                ; Off                ;
; Optimization Technique                                           ; Balanced           ; Balanced           ;
; Carry Chain Length                                               ; 70                 ; 70                 ;
; Auto Carry Chains                                                ; On                 ; On                 ;
; Auto Open-Drain Pins                                             ; On                 ; On                 ;
; Perform WYSIWYG Primitive Resynthesis                            ; Off                ; Off                ;
; Auto Shift Register Replacement                                  ; Auto               ; Auto               ;
; Allow Shift Register Merging across Hierarchies                  ; Auto               ; Auto               ;
; Auto Clock Enable Replacement                                    ; On                 ; On                 ;
; Allow Synchronous Control Signals                                ; On                 ; On                 ;
; Force Use of Synchronous Clear Signals                           ; Off                ; Off                ;
; Auto Resource Sharing                                            ; Off                ; Off                ;
; Use LogicLock Constraints during Resource Balancing              ; On                 ; On                 ;
; Ignore translate_off and synthesis_off directives                ; Off                ; Off                ;
; Report Parameter Settings                                        ; On                 ; On                 ;
; Report Source Assignments                                        ; On                 ; On                 ;
; Report Connectivity Checks                                       ; On                 ; On                 ;
; Ignore Maximum Fan-Out Assignments                               ; Off                ; Off                ;
; Synchronization Register Chain Length                            ; 2                  ; 2                  ;
; Power Optimization During Synthesis                              ; Normal compilation ; Normal compilation ;
; HDL message level                                                ; Level2             ; Level2             ;
; Suppress Register Optimization Related Messages                  ; Off                ; Off                ;
; Number of Removed Registers Reported in Synthesis Report         ; 5000               ; 5000               ;
; Number of Swept Nodes Reported in Synthesis Report               ; 5000               ; 5000               ;
; Number of Inverted Registers Reported in Synthesis Report        ; 100                ; 100                ;
; Clock MUX Protection                                             ; On                 ; On                 ;
; Block Design Naming                                              ; Auto               ; Auto               ;
; Synthesis Effort                                                 ; Auto               ; Auto               ;
; Shift Register Replacement - Allow Asynchronous Clear Signal     ; On                 ; On                 ;
; Analysis & Synthesis Message Level                               ; Medium             ; Medium             ;
; Disable Register Merging Across Hierarchies                      ; Auto               ; Auto               ;
+------------------------------------------------------------------+--------------------+--------------------+


+------------------------------------------+
; Parallel Compilation                     ;
+----------------------------+-------------+
; Processors                 ; Number      ;
+----------------------------+-------------+
; Number detected on machine ; 2           ;
; Maximum allowed            ; 2           ;
;                            ;             ;
; Average used               ; 1.00        ;
; Maximum used               ; 1           ;
;                            ;             ;
; Usage by Processor         ; % Time Used ;
;     Processor 1            ; 100.0%      ;
+----------------------------+-------------+


+--------------------------------------------------------------------------------------------------------------------------------------------------+
; Analysis & Synthesis Source Files Read                                                                                                           ;
+----------------------------------+-----------------+------------------------+----------------------------------------------------------+---------+
; File Name with User-Entered Path ; Used in Netlist ; File Type              ; File Name with Absolute Path                             ; Library ;
+----------------------------------+-----------------+------------------------+----------------------------------------------------------+---------+
; fsm.v                            ; yes             ; User Verilog HDL File  ; /home/hemanth/Documents/VLSI/AHB2APB_Verilog/fsm.v       ;         ;
; ahb_slave.v                      ; yes             ; User Verilog HDL File  ; /home/hemanth/Documents/VLSI/AHB2APB_Verilog/ahb_slave.v ;         ;
; top_rtl.v                        ; yes             ; User Verilog HDL File  ; /home/hemanth/Documents/VLSI/AHB2APB_Verilog/top_rtl.v   ;         ;
+----------------------------------+-----------------+------------------------+----------------------------------------------------------+---------+


+-------------------------------------------------------+
; Analysis & Synthesis Resource Usage Summary           ;
+---------------------------------------------+---------+
; Resource                                    ; Usage   ;
+---------------------------------------------+---------+
; Total logic elements                        ; 284     ;
;     -- Combinational with no register       ; 147     ;
;     -- Register only                        ; 130     ;
;     -- Combinational with a register        ; 7       ;
;                                             ;         ;
; Logic element usage by number of LUT inputs ;         ;
;     -- 4 input functions                    ; 48      ;
;     -- 3 input functions                    ; 102     ;
;     -- 2 input functions                    ; 4       ;
;     -- 1 input functions                    ; 0       ;
;     -- 0 input functions                    ; 0       ;
;                                             ;         ;
; Logic elements by mode                      ;         ;
;     -- normal mode                          ; 284     ;
;     -- arithmetic mode                      ; 0       ;
;     -- qfbk mode                            ; 0       ;
;     -- register cascade mode                ; 0       ;
;     -- synchronous clear/load mode          ; 0       ;
;     -- asynchronous clear/load mode         ; 137     ;
;                                             ;         ;
; Total registers                             ; 137     ;
; I/O pins                                    ; 209     ;
; Maximum fan-out node                        ; HRESETn ;
; Maximum fan-out                             ; 138     ;
; Total fan-out                               ; 1009    ;
; Average fan-out                             ; 2.05    ;
+---------------------------------------------+---------+


+-----------------------------------------------------------------------------------------------------------------------------------------------------------------------------------------------------------------------------------------+
; Analysis & Synthesis Resource Utilization by Entity                                                                                                                                                                                     ;
+----------------------------+-------------+--------------+------------+------+--------------+--------------+-------------------+------------------+-----------------+------------+--------------------------+-------------+--------------+
; Compilation Hierarchy Node ; Logic Cells ; LC Registers ; UFM Blocks ; Pins ; Virtual Pins ; LUT-Only LCs ; Register-Only LCs ; LUT/Register LCs ; Carry Chain LCs ; Packed LCs ; Full Hierarchy Name      ; Entity Name ; Library Name ;
+----------------------------+-------------+--------------+------------+------+--------------+--------------+-------------------+------------------+-----------------+------------+--------------------------+-------------+--------------+
; |top_rtl                   ; 284 (0)     ; 137          ; 0          ; 209  ; 0            ; 147 (0)      ; 130 (0)           ; 7 (0)            ; 0 (0)           ; 0 (0)      ; |top_rtl                 ; top_rtl     ; work         ;
;    |ahb_slave:SLAVE|       ; 140 (140)   ; 129          ; 0          ; 0    ; 0            ; 11 (11)      ; 129 (129)         ; 0 (0)            ; 0 (0)           ; 0 (0)      ; |top_rtl|ahb_slave:SLAVE ; ahb_slave   ; work         ;
;    |fsm:FSM|               ; 144 (144)   ; 8            ; 0          ; 0    ; 0            ; 136 (136)    ; 1 (1)             ; 7 (7)            ; 0 (0)           ; 0 (0)      ; |top_rtl|fsm:FSM         ; fsm         ; work         ;
+----------------------------+-------------+--------------+------------+------+--------------+--------------+-------------------+------------------+-----------------+------------+--------------------------+-------------+--------------+
Note: For table entries with two numbers listed, the numbers in parentheses indicate the number of resources of the given type used by the specific entity alone. The numbers listed outside of parentheses indicate the total resources of the given type used by the specific entity and all of its sub-entities in the hierarchy.


Encoding Type:  One-Hot
+-----------------------------------------------------------------------------------------------------------------------------------------------------------------+
; State Machine - |top_rtl|fsm:FSM|STATE                                                                                                                          ;
+-------------------+-------------------+------------------+------------------+-----------------+----------------+---------------+----------------+---------------+
; Name              ; STATE.ST_WENABLEP ; STATE.ST_WENABLE ; STATE.ST_RENABLE ; STATE.ST_WRITEP ; STATE.ST_WRITE ; STATE.ST_READ ; STATE.ST_WWAIT ; STATE.ST_IDLE ;
+-------------------+-------------------+------------------+------------------+-----------------+----------------+---------------+----------------+---------------+
; STATE.ST_IDLE     ; 0                 ; 0                ; 0                ; 0               ; 0              ; 0             ; 0              ; 0             ;
; STATE.ST_WWAIT    ; 0                 ; 0                ; 0                ; 0               ; 0              ; 0             ; 1              ; 1             ;
; STATE.ST_READ     ; 0                 ; 0                ; 0                ; 0               ; 0              ; 1             ; 0              ; 1             ;
; STATE.ST_WRITE    ; 0                 ; 0                ; 0                ; 0               ; 1              ; 0             ; 0              ; 1             ;
; STATE.ST_WRITEP   ; 0                 ; 0                ; 0                ; 1               ; 0              ; 0             ; 0              ; 1             ;
; STATE.ST_RENABLE  ; 0                 ; 0                ; 1                ; 0               ; 0              ; 0             ; 0              ; 1             ;
; STATE.ST_WENABLE  ; 0                 ; 1                ; 0                ; 0               ; 0              ; 0             ; 0              ; 1             ;
; STATE.ST_WENABLEP ; 1                 ; 0                ; 0                ; 0               ; 0              ; 0             ; 0              ; 1             ;
+-------------------+-------------------+------------------+------------------+-----------------+----------------+---------------+----------------+---------------+


+----------------------------------------------------------------------------------------------------+
; User-Specified and Inferred Latches                                                                ;
+-----------------------------------------------------+---------------------+------------------------+
; Latch Name                                          ; Latch Enable Signal ; Free of Timing Hazards ;
+-----------------------------------------------------+---------------------+------------------------+
; fsm:FSM|PADDR[0]                                    ; fsm:FSM|WideOr1     ; yes                    ;
; fsm:FSM|PADDR[1]                                    ; fsm:FSM|WideOr1     ; yes                    ;
; fsm:FSM|PADDR[2]                                    ; fsm:FSM|WideOr1     ; yes                    ;
; fsm:FSM|PADDR[3]                                    ; fsm:FSM|WideOr1     ; yes                    ;
; fsm:FSM|PADDR[4]                                    ; fsm:FSM|WideOr1     ; yes                    ;
; fsm:FSM|PADDR[5]                                    ; fsm:FSM|WideOr1     ; yes                    ;
; fsm:FSM|PADDR[6]                                    ; fsm:FSM|WideOr1     ; yes                    ;
; fsm:FSM|PADDR[7]                                    ; fsm:FSM|WideOr1     ; yes                    ;
; fsm:FSM|PADDR[8]                                    ; fsm:FSM|WideOr1     ; yes                    ;
; fsm:FSM|PADDR[9]                                    ; fsm:FSM|WideOr1     ; yes                    ;
; fsm:FSM|PADDR[10]                                   ; fsm:FSM|WideOr1     ; yes                    ;
; fsm:FSM|PADDR[11]                                   ; fsm:FSM|WideOr1     ; yes                    ;
; fsm:FSM|PADDR[12]                                   ; fsm:FSM|WideOr1     ; yes                    ;
; fsm:FSM|PADDR[13]                                   ; fsm:FSM|WideOr1     ; yes                    ;
; fsm:FSM|PADDR[14]                                   ; fsm:FSM|WideOr1     ; yes                    ;
; fsm:FSM|PADDR[15]                                   ; fsm:FSM|WideOr1     ; yes                    ;
; fsm:FSM|PADDR[16]                                   ; fsm:FSM|WideOr1     ; yes                    ;
; fsm:FSM|PADDR[17]                                   ; fsm:FSM|WideOr1     ; yes                    ;
; fsm:FSM|PADDR[18]                                   ; fsm:FSM|WideOr1     ; yes                    ;
; fsm:FSM|PADDR[19]                                   ; fsm:FSM|WideOr1     ; yes                    ;
; fsm:FSM|PADDR[20]                                   ; fsm:FSM|WideOr1     ; yes                    ;
; fsm:FSM|PADDR[21]                                   ; fsm:FSM|WideOr1     ; yes                    ;
; fsm:FSM|PADDR[22]                                   ; fsm:FSM|WideOr1     ; yes                    ;
; fsm:FSM|PADDR[23]                                   ; fsm:FSM|WideOr1     ; yes                    ;
; fsm:FSM|PADDR[24]                                   ; fsm:FSM|WideOr1     ; yes                    ;
; fsm:FSM|PADDR[25]                                   ; fsm:FSM|WideOr1     ; yes                    ;
; fsm:FSM|PADDR[26]                                   ; fsm:FSM|WideOr1     ; yes                    ;
; fsm:FSM|PADDR[27]                                   ; fsm:FSM|WideOr1     ; yes                    ;
; fsm:FSM|PADDR[28]                                   ; fsm:FSM|WideOr1     ; yes                    ;
; fsm:FSM|PADDR[29]                                   ; fsm:FSM|WideOr1     ; yes                    ;
; fsm:FSM|PADDR[30]                                   ; fsm:FSM|WideOr1     ; yes                    ;
; fsm:FSM|PADDR[31]                                   ; fsm:FSM|WideOr1     ; yes                    ;
; fsm:FSM|PWDATA[0]                                   ; fsm:FSM|PWDATA      ; yes                    ;
; fsm:FSM|PWDATA[1]                                   ; fsm:FSM|PWDATA      ; yes                    ;
; fsm:FSM|PWDATA[2]                                   ; fsm:FSM|PWDATA      ; yes                    ;
; fsm:FSM|PWDATA[3]                                   ; fsm:FSM|PWDATA      ; yes                    ;
; fsm:FSM|PWDATA[4]                                   ; fsm:FSM|PWDATA      ; yes                    ;
; fsm:FSM|PWDATA[5]                                   ; fsm:FSM|PWDATA      ; yes                    ;
; fsm:FSM|PWDATA[6]                                   ; fsm:FSM|PWDATA      ; yes                    ;
; fsm:FSM|PWDATA[7]                                   ; fsm:FSM|PWDATA      ; yes                    ;
; fsm:FSM|PWDATA[8]                                   ; fsm:FSM|PWDATA      ; yes                    ;
; fsm:FSM|PWDATA[9]                                   ; fsm:FSM|PWDATA      ; yes                    ;
; fsm:FSM|PWDATA[10]                                  ; fsm:FSM|PWDATA      ; yes                    ;
; fsm:FSM|PWDATA[11]                                  ; fsm:FSM|PWDATA      ; yes                    ;
; fsm:FSM|PWDATA[12]                                  ; fsm:FSM|PWDATA      ; yes                    ;
; fsm:FSM|PWDATA[13]                                  ; fsm:FSM|PWDATA      ; yes                    ;
; fsm:FSM|PWDATA[14]                                  ; fsm:FSM|PWDATA      ; yes                    ;
; fsm:FSM|PWDATA[15]                                  ; fsm:FSM|PWDATA      ; yes                    ;
; fsm:FSM|PWDATA[16]                                  ; fsm:FSM|PWDATA      ; yes                    ;
; fsm:FSM|PWDATA[17]                                  ; fsm:FSM|PWDATA      ; yes                    ;
; fsm:FSM|PWDATA[18]                                  ; fsm:FSM|PWDATA      ; yes                    ;
; fsm:FSM|PWDATA[19]                                  ; fsm:FSM|PWDATA      ; yes                    ;
; fsm:FSM|PWDATA[20]                                  ; fsm:FSM|PWDATA      ; yes                    ;
; fsm:FSM|PWDATA[21]                                  ; fsm:FSM|PWDATA      ; yes                    ;
; fsm:FSM|PWDATA[22]                                  ; fsm:FSM|PWDATA      ; yes                    ;
; fsm:FSM|PWDATA[23]                                  ; fsm:FSM|PWDATA      ; yes                    ;
; fsm:FSM|PWDATA[24]                                  ; fsm:FSM|PWDATA      ; yes                    ;
; fsm:FSM|PWDATA[25]                                  ; fsm:FSM|PWDATA      ; yes                    ;
; fsm:FSM|PWDATA[26]                                  ; fsm:FSM|PWDATA      ; yes                    ;
; fsm:FSM|PWDATA[27]                                  ; fsm:FSM|PWDATA      ; yes                    ;
; fsm:FSM|PWDATA[28]                                  ; fsm:FSM|PWDATA      ; yes                    ;
; fsm:FSM|PWDATA[29]                                  ; fsm:FSM|PWDATA      ; yes                    ;
; fsm:FSM|PWDATA[30]                                  ; fsm:FSM|PWDATA      ; yes                    ;
; fsm:FSM|PWDATA[31]                                  ; fsm:FSM|PWDATA      ; yes                    ;
; fsm:FSM|tmp                                         ; fsm:FSM|WideOr4     ; yes                    ;
; Number of user-specified and inferred latches = 65  ;                     ;                        ;
+-----------------------------------------------------+---------------------+------------------------+
Note: All latches listed above may not be present at the end of synthesis due to various synthesis optimizations.


+------------------------------------------------------------+
; Registers Removed During Synthesis                         ;
+---------------------------------------+--------------------+
; Register name                         ; Reason for Removal ;
+---------------------------------------+--------------------+
; fsm:FSM|STATE~4                       ; Lost fanout        ;
; fsm:FSM|STATE~5                       ; Lost fanout        ;
; fsm:FSM|STATE~6                       ; Lost fanout        ;
; Total Number of Removed Registers = 3 ;                    ;
+---------------------------------------+--------------------+


+------------------------------------------------------+
; General Register Statistics                          ;
+----------------------------------------------+-------+
; Statistic                                    ; Value ;
+----------------------------------------------+-------+
; Total registers                              ; 137   ;
; Number of registers using Synchronous Clear  ; 0     ;
; Number of registers using Synchronous Load   ; 0     ;
; Number of registers using Asynchronous Clear ; 137   ;
; Number of registers using Asynchronous Load  ; 0     ;
; Number of registers using Clock Enable       ; 0     ;
; Number of registers using Preset             ; 0     ;
+----------------------------------------------+-------+


+-------------------------------------------------------------------------------------------------------------------------------------------+
; Multiplexer Restructuring Statistics (Restructuring Performed)                                                                            ;
+--------------------+-----------+---------------+----------------------+------------------------+------------+-----------------------------+
; Multiplexer Inputs ; Bus Width ; Baseline Area ; Area if Restructured ; Saving if Restructured ; Registered ; Example Multiplexer Output  ;
+--------------------+-----------+---------------+----------------------+------------------------+------------+-----------------------------+
; 4:1                ; 32 bits   ; 64 LEs        ; 64 LEs               ; 0 LEs                  ; No         ; |top_rtl|fsm:FSM|Selector22 ;
+--------------------+-----------+---------------+----------------------+------------------------+------------+-----------------------------+


+--------------------------------------------------------------+
; Parameter Settings for User Entity Instance: ahb_slave:SLAVE ;
+----------------+-------+-------------------------------------+
; Parameter Name ; Value ; Type                                ;
+----------------+-------+-------------------------------------+
; IDLE           ; 00    ; Unsigned Binary                     ;
; BUSY           ; 01    ; Unsigned Binary                     ;
; NONSEQ         ; 10    ; Unsigned Binary                     ;
; SEQ            ; 11    ; Unsigned Binary                     ;
+----------------+-------+-------------------------------------+
Note: In order to hide this table in the UI and the text report file, please set the "Show Parameter Settings in Synthesis Report" option in "Analysis and Synthesis Settings -> More Settings" to "Off".


+------------------------------------------------------+
; Parameter Settings for User Entity Instance: fsm:FSM ;
+----------------+-------+-----------------------------+
; Parameter Name ; Value ; Type                        ;
+----------------+-------+-----------------------------+
; ST_IDLE        ; 000   ; Unsigned Binary             ;
; ST_WWAIT       ; 001   ; Unsigned Binary             ;
; ST_READ        ; 010   ; Unsigned Binary             ;
; ST_WRITE       ; 011   ; Unsigned Binary             ;
; ST_WRITEP      ; 100   ; Unsigned Binary             ;
; ST_RENABLE     ; 101   ; Unsigned Binary             ;
; ST_WENABLE     ; 110   ; Unsigned Binary             ;
; ST_WENABLEP    ; 111   ; Unsigned Binary             ;
+----------------+-------+-----------------------------+
Note: In order to hide this table in the UI and the text report file, please set the "Show Parameter Settings in Synthesis Report" option in "Analysis and Synthesis Settings -> More Settings" to "Off".


+-------------------------------+
; Analysis & Synthesis Messages ;
+-------------------------------+
Info: *******************************************************************
Info: Running Quartus Prime Analysis & Synthesis
    Info: Version 20.1.1 Build 720 11/11/2020 SJ Lite Edition
    Info: Processing started: Tue Dec  7 16:15:14 2021
Info: Command: quartus_map --read_settings_files=on --write_settings_files=off top_rtl -c top_rtl
Warning (18236): Number of processors has not been specified which may cause overloading on shared machines.  Set the global assignment NUM_PARALLEL_PROCESSORS in your QSF to an appropriate value for best performance.
Info (20030): Parallel compilation is enabled and will use 2 of the 2 processors detected
Info (12021): Found 1 design units, including 1 entities, in source file top_tb.v
    Info (12023): Found entity 1: top_tb File: /home/hemanth/Documents/VLSI/AHB2APB_Verilog/top_tb.v Line: 1
Info (12021): Found 1 design units, including 1 entities, in source file fsm.v
    Info (12023): Found entity 1: fsm File: /home/hemanth/Documents/VLSI/AHB2APB_Verilog/fsm.v Line: 1
Info (12021): Found 1 design units, including 1 entities, in source file ahb_slave.v
    Info (12023): Found entity 1: ahb_slave File: /home/hemanth/Documents/VLSI/AHB2APB_Verilog/ahb_slave.v Line: 1
Info (12021): Found 1 design units, including 1 entities, in source file ahb_interface.v
    Info (12023): Found entity 1: apb_int File: /home/hemanth/Documents/VLSI/AHB2APB_Verilog/ahb_interface.v Line: 1
Info (12021): Found 1 design units, including 1 entities, in source file ahb_master.v
    Info (12023): Found entity 1: ahb_master File: /home/hemanth/Documents/VLSI/AHB2APB_Verilog/ahb_master.v Line: 1
Info (12021): Found 1 design units, including 1 entities, in source file top_rtl.v
    Info (12023): Found entity 1: top_rtl File: /home/hemanth/Documents/VLSI/AHB2APB_Verilog/top_rtl.v Line: 1
Info (12127): Elaborating entity "top_rtl" for the top level hierarchy
Info (12128): Elaborating entity "ahb_slave" for hierarchy "ahb_slave:SLAVE" File: /home/hemanth/Documents/VLSI/AHB2APB_Verilog/top_rtl.v Line: 43
Warning (10034): Output port "TEMP_SEL" at ahb_slave.v(24) has no driver File: /home/hemanth/Documents/VLSI/AHB2APB_Verilog/ahb_slave.v Line: 24
Info (12128): Elaborating entity "fsm" for hierarchy "fsm:FSM" File: /home/hemanth/Documents/VLSI/AHB2APB_Verilog/top_rtl.v Line: 52
Warning (10240): Verilog HDL Always Construct warning at fsm.v(56): inferring latch(es) for variable "tmp", which holds its previous value in one or more paths through the always construct File: /home/hemanth/Documents/VLSI/AHB2APB_Verilog/fsm.v Line: 56
Warning (10240): Verilog HDL Always Construct warning at fsm.v(56): inferring latch(es) for variable "PADDR", which holds its previous value in one or more paths through the always construct File: /home/hemanth/Documents/VLSI/AHB2APB_Verilog/fsm.v Line: 56
Warning (10240): Verilog HDL Always Construct warning at fsm.v(56): inferring latch(es) for variable "PWDATA", which holds its previous value in one or more paths through the always construct File: /home/hemanth/Documents/VLSI/AHB2APB_Verilog/fsm.v Line: 56
Info (10041): Inferred latch for "PWDATA[0]" at fsm.v(56) File: /home/hemanth/Documents/VLSI/AHB2APB_Verilog/fsm.v Line: 56
Info (10041): Inferred latch for "PWDATA[1]" at fsm.v(56) File: /home/hemanth/Documents/VLSI/AHB2APB_Verilog/fsm.v Line: 56
Info (10041): Inferred latch for "PWDATA[2]" at fsm.v(56) File: /home/hemanth/Documents/VLSI/AHB2APB_Verilog/fsm.v Line: 56
Info (10041): Inferred latch for "PWDATA[3]" at fsm.v(56) File: /home/hemanth/Documents/VLSI/AHB2APB_Verilog/fsm.v Line: 56
Info (10041): Inferred latch for "PWDATA[4]" at fsm.v(56) File: /home/hemanth/Documents/VLSI/AHB2APB_Verilog/fsm.v Line: 56
Info (10041): Inferred latch for "PWDATA[5]" at fsm.v(56) File: /home/hemanth/Documents/VLSI/AHB2APB_Verilog/fsm.v Line: 56
Info (10041): Inferred latch for "PWDATA[6]" at fsm.v(56) File: /home/hemanth/Documents/VLSI/AHB2APB_Verilog/fsm.v Line: 56
Info (10041): Inferred latch for "PWDATA[7]" at fsm.v(56) File: /home/hemanth/Documents/VLSI/AHB2APB_Verilog/fsm.v Line: 56
Info (10041): Inferred latch for "PWDATA[8]" at fsm.v(56) File: /home/hemanth/Documents/VLSI/AHB2APB_Verilog/fsm.v Line: 56
Info (10041): Inferred latch for "PWDATA[9]" at fsm.v(56) File: /home/hemanth/Documents/VLSI/AHB2APB_Verilog/fsm.v Line: 56
Info (10041): Inferred latch for "PWDATA[10]" at fsm.v(56) File: /home/hemanth/Documents/VLSI/AHB2APB_Verilog/fsm.v Line: 56
Info (10041): Inferred latch for "PWDATA[11]" at fsm.v(56) File: /home/hemanth/Documents/VLSI/AHB2APB_Verilog/fsm.v Line: 56
Info (10041): Inferred latch for "PWDATA[12]" at fsm.v(56) File: /home/hemanth/Documents/VLSI/AHB2APB_Verilog/fsm.v Line: 56
Info (10041): Inferred latch for "PWDATA[13]" at fsm.v(56) File: /home/hemanth/Documents/VLSI/AHB2APB_Verilog/fsm.v Line: 56
Info (10041): Inferred latch for "PWDATA[14]" at fsm.v(56) File: /home/hemanth/Documents/VLSI/AHB2APB_Verilog/fsm.v Line: 56
Info (10041): Inferred latch for "PWDATA[15]" at fsm.v(56) File: /home/hemanth/Documents/VLSI/AHB2APB_Verilog/fsm.v Line: 56
Info (10041): Inferred latch for "PWDATA[16]" at fsm.v(56) File: /home/hemanth/Documents/VLSI/AHB2APB_Verilog/fsm.v Line: 56
Info (10041): Inferred latch for "PWDATA[17]" at fsm.v(56) File: /home/hemanth/Documents/VLSI/AHB2APB_Verilog/fsm.v Line: 56
Info (10041): Inferred latch for "PWDATA[18]" at fsm.v(56) File: /home/hemanth/Documents/VLSI/AHB2APB_Verilog/fsm.v Line: 56
Info (10041): Inferred latch for "PWDATA[19]" at fsm.v(56) File: /home/hemanth/Documents/VLSI/AHB2APB_Verilog/fsm.v Line: 56
Info (10041): Inferred latch for "PWDATA[20]" at fsm.v(56) File: /home/hemanth/Documents/VLSI/AHB2APB_Verilog/fsm.v Line: 56
Info (10041): Inferred latch for "PWDATA[21]" at fsm.v(56) File: /home/hemanth/Documents/VLSI/AHB2APB_Verilog/fsm.v Line: 56
Info (10041): Inferred latch for "PWDATA[22]" at fsm.v(56) File: /home/hemanth/Documents/VLSI/AHB2APB_Verilog/fsm.v Line: 56
Info (10041): Inferred latch for "PWDATA[23]" at fsm.v(56) File: /home/hemanth/Documents/VLSI/AHB2APB_Verilog/fsm.v Line: 56
Info (10041): Inferred latch for "PWDATA[24]" at fsm.v(56) File: /home/hemanth/Documents/VLSI/AHB2APB_Verilog/fsm.v Line: 56
Info (10041): Inferred latch for "PWDATA[25]" at fsm.v(56) File: /home/hemanth/Documents/VLSI/AHB2APB_Verilog/fsm.v Line: 56
Info (10041): Inferred latch for "PWDATA[26]" at fsm.v(56) File: /home/hemanth/Documents/VLSI/AHB2APB_Verilog/fsm.v Line: 56
Info (10041): Inferred latch for "PWDATA[27]" at fsm.v(56) File: /home/hemanth/Documents/VLSI/AHB2APB_Verilog/fsm.v Line: 56
Info (10041): Inferred latch for "PWDATA[28]" at fsm.v(56) File: /home/hemanth/Documents/VLSI/AHB2APB_Verilog/fsm.v Line: 56
Info (10041): Inferred latch for "PWDATA[29]" at fsm.v(56) File: /home/hemanth/Documents/VLSI/AHB2APB_Verilog/fsm.v Line: 56
Info (10041): Inferred latch for "PWDATA[30]" at fsm.v(56) File: /home/hemanth/Documents/VLSI/AHB2APB_Verilog/fsm.v Line: 56
Info (10041): Inferred latch for "PWDATA[31]" at fsm.v(56) File: /home/hemanth/Documents/VLSI/AHB2APB_Verilog/fsm.v Line: 56
Info (10041): Inferred latch for "PADDR[0]" at fsm.v(56) File: /home/hemanth/Documents/VLSI/AHB2APB_Verilog/fsm.v Line: 56
Info (10041): Inferred latch for "PADDR[1]" at fsm.v(56) File: /home/hemanth/Documents/VLSI/AHB2APB_Verilog/fsm.v Line: 56
Info (10041): Inferred latch for "PADDR[2]" at fsm.v(56) File: /home/hemanth/Documents/VLSI/AHB2APB_Verilog/fsm.v Line: 56
Info (10041): Inferred latch for "PADDR[3]" at fsm.v(56) File: /home/hemanth/Documents/VLSI/AHB2APB_Verilog/fsm.v Line: 56
Info (10041): Inferred latch for "PADDR[4]" at fsm.v(56) File: /home/hemanth/Documents/VLSI/AHB2APB_Verilog/fsm.v Line: 56
Info (10041): Inferred latch for "PADDR[5]" at fsm.v(56) File: /home/hemanth/Documents/VLSI/AHB2APB_Verilog/fsm.v Line: 56
Info (10041): Inferred latch for "PADDR[6]" at fsm.v(56) File: /home/hemanth/Documents/VLSI/AHB2APB_Verilog/fsm.v Line: 56
Info (10041): Inferred latch for "PADDR[7]" at fsm.v(56) File: /home/hemanth/Documents/VLSI/AHB2APB_Verilog/fsm.v Line: 56
Info (10041): Inferred latch for "PADDR[8]" at fsm.v(56) File: /home/hemanth/Documents/VLSI/AHB2APB_Verilog/fsm.v Line: 56
Info (10041): Inferred latch for "PADDR[9]" at fsm.v(56) File: /home/hemanth/Documents/VLSI/AHB2APB_Verilog/fsm.v Line: 56
Info (10041): Inferred latch for "PADDR[10]" at fsm.v(56) File: /home/hemanth/Documents/VLSI/AHB2APB_Verilog/fsm.v Line: 56
Info (10041): Inferred latch for "PADDR[11]" at fsm.v(56) File: /home/hemanth/Documents/VLSI/AHB2APB_Verilog/fsm.v Line: 56
Info (10041): Inferred latch for "PADDR[12]" at fsm.v(56) File: /home/hemanth/Documents/VLSI/AHB2APB_Verilog/fsm.v Line: 56
Info (10041): Inferred latch for "PADDR[13]" at fsm.v(56) File: /home/hemanth/Documents/VLSI/AHB2APB_Verilog/fsm.v Line: 56
Info (10041): Inferred latch for "PADDR[14]" at fsm.v(56) File: /home/hemanth/Documents/VLSI/AHB2APB_Verilog/fsm.v Line: 56
Info (10041): Inferred latch for "PADDR[15]" at fsm.v(56) File: /home/hemanth/Documents/VLSI/AHB2APB_Verilog/fsm.v Line: 56
Info (10041): Inferred latch for "PADDR[16]" at fsm.v(56) File: /home/hemanth/Documents/VLSI/AHB2APB_Verilog/fsm.v Line: 56
Info (10041): Inferred latch for "PADDR[17]" at fsm.v(56) File: /home/hemanth/Documents/VLSI/AHB2APB_Verilog/fsm.v Line: 56
Info (10041): Inferred latch for "PADDR[18]" at fsm.v(56) File: /home/hemanth/Documents/VLSI/AHB2APB_Verilog/fsm.v Line: 56
Info (10041): Inferred latch for "PADDR[19]" at fsm.v(56) File: /home/hemanth/Documents/VLSI/AHB2APB_Verilog/fsm.v Line: 56
Info (10041): Inferred latch for "PADDR[20]" at fsm.v(56) File: /home/hemanth/Documents/VLSI/AHB2APB_Verilog/fsm.v Line: 56
Info (10041): Inferred latch for "PADDR[21]" at fsm.v(56) File: /home/hemanth/Documents/VLSI/AHB2APB_Verilog/fsm.v Line: 56
Info (10041): Inferred latch for "PADDR[22]" at fsm.v(56) File: /home/hemanth/Documents/VLSI/AHB2APB_Verilog/fsm.v Line: 56
Info (10041): Inferred latch for "PADDR[23]" at fsm.v(56) File: /home/hemanth/Documents/VLSI/AHB2APB_Verilog/fsm.v Line: 56
Info (10041): Inferred latch for "PADDR[24]" at fsm.v(56) File: /home/hemanth/Documents/VLSI/AHB2APB_Verilog/fsm.v Line: 56
Info (10041): Inferred latch for "PADDR[25]" at fsm.v(56) File: /home/hemanth/Documents/VLSI/AHB2APB_Verilog/fsm.v Line: 56
Info (10041): Inferred latch for "PADDR[26]" at fsm.v(56) File: /home/hemanth/Documents/VLSI/AHB2APB_Verilog/fsm.v Line: 56
Info (10041): Inferred latch for "PADDR[27]" at fsm.v(56) File: /home/hemanth/Documents/VLSI/AHB2APB_Verilog/fsm.v Line: 56
Info (10041): Inferred latch for "PADDR[28]" at fsm.v(56) File: /home/hemanth/Documents/VLSI/AHB2APB_Verilog/fsm.v Line: 56
Info (10041): Inferred latch for "PADDR[29]" at fsm.v(56) File: /home/hemanth/Documents/VLSI/AHB2APB_Verilog/fsm.v Line: 56
Info (10041): Inferred latch for "PADDR[30]" at fsm.v(56) File: /home/hemanth/Documents/VLSI/AHB2APB_Verilog/fsm.v Line: 56
Info (10041): Inferred latch for "PADDR[31]" at fsm.v(56) File: /home/hemanth/Documents/VLSI/AHB2APB_Verilog/fsm.v Line: 56
Info (10041): Inferred latch for "tmp" at fsm.v(56) File: /home/hemanth/Documents/VLSI/AHB2APB_Verilog/fsm.v Line: 56
Warning (13012): Latch fsm:FSM|PADDR[0] has unsafe behavior File: /home/hemanth/Documents/VLSI/AHB2APB_Verilog/fsm.v Line: 56
    Warning (13013): Ports D and ENA on the latch are fed by the same signal fsm:FSM|STATE.ST_READ File: /home/hemanth/Documents/VLSI/AHB2APB_Verilog/fsm.v Line: 29
Warning (13012): Latch fsm:FSM|PADDR[1] has unsafe behavior File: /home/hemanth/Documents/VLSI/AHB2APB_Verilog/fsm.v Line: 56
    Warning (13013): Ports D and ENA on the latch are fed by the same signal fsm:FSM|STATE.ST_READ File: /home/hemanth/Documents/VLSI/AHB2APB_Verilog/fsm.v Line: 29
Warning (13012): Latch fsm:FSM|PADDR[2] has unsafe behavior File: /home/hemanth/Documents/VLSI/AHB2APB_Verilog/fsm.v Line: 56
    Warning (13013): Ports D and ENA on the latch are fed by the same signal fsm:FSM|STATE.ST_READ File: /home/hemanth/Documents/VLSI/AHB2APB_Verilog/fsm.v Line: 29
Warning (13012): Latch fsm:FSM|PADDR[3] has unsafe behavior File: /home/hemanth/Documents/VLSI/AHB2APB_Verilog/fsm.v Line: 56
    Warning (13013): Ports D and ENA on the latch are fed by the same signal fsm:FSM|STATE.ST_READ File: /home/hemanth/Documents/VLSI/AHB2APB_Verilog/fsm.v Line: 29
Warning (13012): Latch fsm:FSM|PADDR[4] has unsafe behavior File: /home/hemanth/Documents/VLSI/AHB2APB_Verilog/fsm.v Line: 56
    Warning (13013): Ports D and ENA on the latch are fed by the same signal fsm:FSM|STATE.ST_READ File: /home/hemanth/Documents/VLSI/AHB2APB_Verilog/fsm.v Line: 29
Warning (13012): Latch fsm:FSM|PADDR[5] has unsafe behavior File: /home/hemanth/Documents/VLSI/AHB2APB_Verilog/fsm.v Line: 56
    Warning (13013): Ports D and ENA on the latch are fed by the same signal fsm:FSM|STATE.ST_READ File: /home/hemanth/Documents/VLSI/AHB2APB_Verilog/fsm.v Line: 29
Warning (13012): Latch fsm:FSM|PADDR[6] has unsafe behavior File: /home/hemanth/Documents/VLSI/AHB2APB_Verilog/fsm.v Line: 56
    Warning (13013): Ports D and ENA on the latch are fed by the same signal fsm:FSM|STATE.ST_READ File: /home/hemanth/Documents/VLSI/AHB2APB_Verilog/fsm.v Line: 29
Warning (13012): Latch fsm:FSM|PADDR[7] has unsafe behavior File: /home/hemanth/Documents/VLSI/AHB2APB_Verilog/fsm.v Line: 56
    Warning (13013): Ports D and ENA on the latch are fed by the same signal fsm:FSM|STATE.ST_READ File: /home/hemanth/Documents/VLSI/AHB2APB_Verilog/fsm.v Line: 29
Warning (13012): Latch fsm:FSM|PADDR[8] has unsafe behavior File: /home/hemanth/Documents/VLSI/AHB2APB_Verilog/fsm.v Line: 56
    Warning (13013): Ports D and ENA on the latch are fed by the same signal fsm:FSM|STATE.ST_READ File: /home/hemanth/Documents/VLSI/AHB2APB_Verilog/fsm.v Line: 29
Warning (13012): Latch fsm:FSM|PADDR[9] has unsafe behavior File: /home/hemanth/Documents/VLSI/AHB2APB_Verilog/fsm.v Line: 56
    Warning (13013): Ports D and ENA on the latch are fed by the same signal fsm:FSM|STATE.ST_READ File: /home/hemanth/Documents/VLSI/AHB2APB_Verilog/fsm.v Line: 29
Warning (13012): Latch fsm:FSM|PADDR[10] has unsafe behavior File: /home/hemanth/Documents/VLSI/AHB2APB_Verilog/fsm.v Line: 56
    Warning (13013): Ports D and ENA on the latch are fed by the same signal fsm:FSM|STATE.ST_READ File: /home/hemanth/Documents/VLSI/AHB2APB_Verilog/fsm.v Line: 29
Warning (13012): Latch fsm:FSM|PADDR[11] has unsafe behavior File: /home/hemanth/Documents/VLSI/AHB2APB_Verilog/fsm.v Line: 56
    Warning (13013): Ports D and ENA on the latch are fed by the same signal fsm:FSM|STATE.ST_READ File: /home/hemanth/Documents/VLSI/AHB2APB_Verilog/fsm.v Line: 29
Warning (13012): Latch fsm:FSM|PADDR[12] has unsafe behavior File: /home/hemanth/Documents/VLSI/AHB2APB_Verilog/fsm.v Line: 56
    Warning (13013): Ports D and ENA on the latch are fed by the same signal fsm:FSM|STATE.ST_READ File: /home/hemanth/Documents/VLSI/AHB2APB_Verilog/fsm.v Line: 29
Warning (13012): Latch fsm:FSM|PADDR[13] has unsafe behavior File: /home/hemanth/Documents/VLSI/AHB2APB_Verilog/fsm.v Line: 56
    Warning (13013): Ports D and ENA on the latch are fed by the same signal fsm:FSM|STATE.ST_READ File: /home/hemanth/Documents/VLSI/AHB2APB_Verilog/fsm.v Line: 29
Warning (13012): Latch fsm:FSM|PADDR[14] has unsafe behavior File: /home/hemanth/Documents/VLSI/AHB2APB_Verilog/fsm.v Line: 56
    Warning (13013): Ports D and ENA on the latch are fed by the same signal fsm:FSM|STATE.ST_READ File: /home/hemanth/Documents/VLSI/AHB2APB_Verilog/fsm.v Line: 29
Warning (13012): Latch fsm:FSM|PADDR[15] has unsafe behavior File: /home/hemanth/Documents/VLSI/AHB2APB_Verilog/fsm.v Line: 56
    Warning (13013): Ports D and ENA on the latch are fed by the same signal fsm:FSM|STATE.ST_READ File: /home/hemanth/Documents/VLSI/AHB2APB_Verilog/fsm.v Line: 29
Warning (13012): Latch fsm:FSM|PADDR[16] has unsafe behavior File: /home/hemanth/Documents/VLSI/AHB2APB_Verilog/fsm.v Line: 56
    Warning (13013): Ports D and ENA on the latch are fed by the same signal fsm:FSM|STATE.ST_READ File: /home/hemanth/Documents/VLSI/AHB2APB_Verilog/fsm.v Line: 29
Warning (13012): Latch fsm:FSM|PADDR[17] has unsafe behavior File: /home/hemanth/Documents/VLSI/AHB2APB_Verilog/fsm.v Line: 56
    Warning (13013): Ports D and ENA on the latch are fed by the same signal fsm:FSM|STATE.ST_READ File: /home/hemanth/Documents/VLSI/AHB2APB_Verilog/fsm.v Line: 29
Warning (13012): Latch fsm:FSM|PADDR[18] has unsafe behavior File: /home/hemanth/Documents/VLSI/AHB2APB_Verilog/fsm.v Line: 56
    Warning (13013): Ports D and ENA on the latch are fed by the same signal fsm:FSM|STATE.ST_READ File: /home/hemanth/Documents/VLSI/AHB2APB_Verilog/fsm.v Line: 29
Warning (13012): Latch fsm:FSM|PADDR[19] has unsafe behavior File: /home/hemanth/Documents/VLSI/AHB2APB_Verilog/fsm.v Line: 56
    Warning (13013): Ports D and ENA on the latch are fed by the same signal fsm:FSM|STATE.ST_READ File: /home/hemanth/Documents/VLSI/AHB2APB_Verilog/fsm.v Line: 29
Warning (13012): Latch fsm:FSM|PADDR[20] has unsafe behavior File: /home/hemanth/Documents/VLSI/AHB2APB_Verilog/fsm.v Line: 56
    Warning (13013): Ports D and ENA on the latch are fed by the same signal fsm:FSM|STATE.ST_READ File: /home/hemanth/Documents/VLSI/AHB2APB_Verilog/fsm.v Line: 29
Warning (13012): Latch fsm:FSM|PADDR[21] has unsafe behavior File: /home/hemanth/Documents/VLSI/AHB2APB_Verilog/fsm.v Line: 56
    Warning (13013): Ports D and ENA on the latch are fed by the same signal fsm:FSM|STATE.ST_READ File: /home/hemanth/Documents/VLSI/AHB2APB_Verilog/fsm.v Line: 29
Warning (13012): Latch fsm:FSM|PADDR[22] has unsafe behavior File: /home/hemanth/Documents/VLSI/AHB2APB_Verilog/fsm.v Line: 56
    Warning (13013): Ports D and ENA on the latch are fed by the same signal fsm:FSM|STATE.ST_READ File: /home/hemanth/Documents/VLSI/AHB2APB_Verilog/fsm.v Line: 29
Warning (13012): Latch fsm:FSM|PADDR[23] has unsafe behavior File: /home/hemanth/Documents/VLSI/AHB2APB_Verilog/fsm.v Line: 56
    Warning (13013): Ports D and ENA on the latch are fed by the same signal fsm:FSM|STATE.ST_READ File: /home/hemanth/Documents/VLSI/AHB2APB_Verilog/fsm.v Line: 29
Warning (13012): Latch fsm:FSM|PADDR[24] has unsafe behavior File: /home/hemanth/Documents/VLSI/AHB2APB_Verilog/fsm.v Line: 56
    Warning (13013): Ports D and ENA on the latch are fed by the same signal fsm:FSM|STATE.ST_READ File: /home/hemanth/Documents/VLSI/AHB2APB_Verilog/fsm.v Line: 29
Warning (13012): Latch fsm:FSM|PADDR[25] has unsafe behavior File: /home/hemanth/Documents/VLSI/AHB2APB_Verilog/fsm.v Line: 56
    Warning (13013): Ports D and ENA on the latch are fed by the same signal fsm:FSM|STATE.ST_READ File: /home/hemanth/Documents/VLSI/AHB2APB_Verilog/fsm.v Line: 29
Warning (13012): Latch fsm:FSM|PADDR[26] has unsafe behavior File: /home/hemanth/Documents/VLSI/AHB2APB_Verilog/fsm.v Line: 56
    Warning (13013): Ports D and ENA on the latch are fed by the same signal fsm:FSM|STATE.ST_READ File: /home/hemanth/Documents/VLSI/AHB2APB_Verilog/fsm.v Line: 29
Warning (13012): Latch fsm:FSM|PADDR[27] has unsafe behavior File: /home/hemanth/Documents/VLSI/AHB2APB_Verilog/fsm.v Line: 56
    Warning (13013): Ports D and ENA on the latch are fed by the same signal fsm:FSM|STATE.ST_READ File: /home/hemanth/Documents/VLSI/AHB2APB_Verilog/fsm.v Line: 29
Warning (13012): Latch fsm:FSM|PADDR[28] has unsafe behavior File: /home/hemanth/Documents/VLSI/AHB2APB_Verilog/fsm.v Line: 56
    Warning (13013): Ports D and ENA on the latch are fed by the same signal fsm:FSM|STATE.ST_READ File: /home/hemanth/Documents/VLSI/AHB2APB_Verilog/fsm.v Line: 29
Warning (13012): Latch fsm:FSM|PADDR[29] has unsafe behavior File: /home/hemanth/Documents/VLSI/AHB2APB_Verilog/fsm.v Line: 56
    Warning (13013): Ports D and ENA on the latch are fed by the same signal fsm:FSM|STATE.ST_READ File: /home/hemanth/Documents/VLSI/AHB2APB_Verilog/fsm.v Line: 29
Warning (13012): Latch fsm:FSM|PADDR[30] has unsafe behavior File: /home/hemanth/Documents/VLSI/AHB2APB_Verilog/fsm.v Line: 56
    Warning (13013): Ports D and ENA on the latch are fed by the same signal fsm:FSM|STATE.ST_READ File: /home/hemanth/Documents/VLSI/AHB2APB_Verilog/fsm.v Line: 29
Warning (13012): Latch fsm:FSM|PADDR[31] has unsafe behavior File: /home/hemanth/Documents/VLSI/AHB2APB_Verilog/fsm.v Line: 56
    Warning (13013): Ports D and ENA on the latch are fed by the same signal fsm:FSM|STATE.ST_READ File: /home/hemanth/Documents/VLSI/AHB2APB_Verilog/fsm.v Line: 29
Warning (13012): Latch fsm:FSM|tmp has unsafe behavior File: /home/hemanth/Documents/VLSI/AHB2APB_Verilog/fsm.v Line: 30
    Warning (13013): Ports D and ENA on the latch are fed by the same signal fsm:FSM|STATE.ST_WENABLEP File: /home/hemanth/Documents/VLSI/AHB2APB_Verilog/fsm.v Line: 29
Warning (13024): Output pins are stuck at VCC or GND
    Warning (13410): Pin "HRESP[0]" is stuck at GND File: /home/hemanth/Documents/VLSI/AHB2APB_Verilog/top_rtl.v Line: 21
    Warning (13410): Pin "HRESP[1]" is stuck at GND File: /home/hemanth/Documents/VLSI/AHB2APB_Verilog/top_rtl.v Line: 21
    Warning (13410): Pin "PSEL[0]" is stuck at GND File: /home/hemanth/Documents/VLSI/AHB2APB_Verilog/top_rtl.v Line: 27
    Warning (13410): Pin "PSEL[1]" is stuck at GND File: /home/hemanth/Documents/VLSI/AHB2APB_Verilog/top_rtl.v Line: 27
    Warning (13410): Pin "PSEL[2]" is stuck at GND File: /home/hemanth/Documents/VLSI/AHB2APB_Verilog/top_rtl.v Line: 27
Info (17049): 3 registers lost all their fanouts during netlist optimizations.
Warning (21074): Design contains 6 input pin(s) that do not drive logic
    Warning (15610): No output dependent on input pin "HTRANS[0]" File: /home/hemanth/Documents/VLSI/AHB2APB_Verilog/top_rtl.v Line: 9
    Warning (15610): No output dependent on input pin "HTRANS[1]" File: /home/hemanth/Documents/VLSI/AHB2APB_Verilog/top_rtl.v Line: 9
    Warning (15610): No output dependent on input pin "HREADYin" File: /home/hemanth/Documents/VLSI/AHB2APB_Verilog/top_rtl.v Line: 10
    Warning (15610): No output dependent on input pin "HSIZE[0]" File: /home/hemanth/Documents/VLSI/AHB2APB_Verilog/top_rtl.v Line: 15
    Warning (15610): No output dependent on input pin "HSIZE[1]" File: /home/hemanth/Documents/VLSI/AHB2APB_Verilog/top_rtl.v Line: 15
    Warning (15610): No output dependent on input pin "HSIZE[2]" File: /home/hemanth/Documents/VLSI/AHB2APB_Verilog/top_rtl.v Line: 15
Info (21057): Implemented 493 device resources after synthesis - the final resource count might be different
    Info (21058): Implemented 105 input pins
    Info (21059): Implemented 104 output pins
    Info (21061): Implemented 284 logic cells
Info (144001): Generated suppressed messages file /home/hemanth/Documents/VLSI/AHB2APB_Verilog/output_files/top_rtl.map.smsg
Info: Quartus Prime Analysis & Synthesis was successful. 0 errors, 84 warnings
    Info: Peak virtual memory: 348 megabytes
    Info: Processing ended: Tue Dec  7 16:15:31 2021
    Info: Elapsed time: 00:00:17
    Info: Total CPU time (on all processors): 00:00:22


+------------------------------------------+
; Analysis & Synthesis Suppressed Messages ;
+------------------------------------------+
The suppressed messages can be found in /home/hemanth/Documents/VLSI/AHB2APB_Verilog/output_files/top_rtl.map.smsg.


